<?xml version="1.0" encoding="UTF-8"?>
<!-- Generated by org.testng.reporters.JUnitXMLReporter -->
<testsuite hostname="DESKTOP-2IF0E66" ignored="0" name="FireFoxTest" tests="2" failures="0" timestamp="25 May 2019 12:20:30 GMT" time="0.07" errors="0">
  <testcase name="CC_001_createCompany_Without_Address_Details" time="0.015" classname="tests.comapnies.CreateCompany"/>
  <testcase name="CC_002_createCompany_With_Address_Details" time="0.017" classname="tests.comapnies.CreateCompany"/>
</testsuite> <!-- FireFoxTest -->
